<?xml version="1.0" encoding="UTF-8"?>
<!-- Generated by org.testng.reporters.JUnitReportReporter -->
<testsuite hostname="zhangxianzhaodeMacBook-Pro.local" name="com.zp410.selenium.testCase.login" tests="2" failures="0" timestamp="10 Aug 2018 03:14:23 GMT" time="8.299" errors="0">
  <testcase name="getLoginHome" time="7.701" classname="com.zp410.selenium.testCase.login"/>
  <testcase name="testLogin" time="0.598" classname="com.zp410.selenium.testCase.login"/>
</testsuite> <!-- com.zp410.selenium.testCase.login -->
